#
# A fatal error has been detected by the Java Runtime Environment:
#
#  EXCEPTION_ACCESS_VIOLATION (0xc0000005) at pc=0x692580e0, pid=6196, tid=5624
#
# JRE version: 6.0_32-b05
# Java VM: Java HotSpot(TM) Client VM (20.7-b02 mixed mode, sharing windows-x86 )
# Problematic frame:
# C  [atioglxx.dll+0x2280e0]
#
# If you would like to submit a bug report, please visit:
#   http://java.sun.com/webapps/bugreport/crash.jsp
# The crash happened outside the Java Virtual Machine in native code.
# See problematic frame for where to report the bug.
#

---------------  T H R E A D  ---------------

Current thread (0x04bb2400):  JavaThread "AWT-EventQueue-0" [_thread_in_native, id=5624, stack(0x06ff0000,0x07040000)]

siginfo: ExceptionCode=0xc0000005, reading address 0x00000000

Registers:
EAX=0x0803ff00, EBX=0x00000000, ECX=0x00000000, EDX=0x080400e0
ESP=0x0703eaa0, EBP=0xf7fc0100, ESI=0x0803ff1c, EDI=0x0803ff00
EIP=0x692580e0, EFLAGS=0x00010287

Top of Stack: (sp=0x0703eaa0)
0x0703eaa0:   00000000 07746cf8 0703ed9c 000001e0
0x0703eab0:   000001e0 0000003c 07746800 00000008
0x0703eac0:   f7fc0100 00000000 00000001 00000000
0x0703ead0:   00000019 0773b0b8 075004a8 00000018
0x0703eae0:   0703ea74 00000000 0703f47c 772570d5
0x0703eaf0:   08846195 fffffffe 7720e394 7720e0f2
0x0703eb00:   7720e046 00000014 0772c790 772570d5
0x0703eb10:   08846195 fffffffe 7720e394 7720e0f2 

Instructions: (pc=0x692580e0)
0x692580c0:   8b 74 24 10 8b de 83 e3 03 8b d7 2b d3 03 d6 8d
0x692580d0:   77 1c 8b c7 3b f2 73 47 8b e9 2b ef 89 6c 24 20
0x692580e0:   8b 29 89 28 8b 6c 24 20 8b 6c 28 04 89 68 04 8b
0x692580f0:   69 08 89 68 08 8b 69 0c 89 68 0c 8b 69 10 89 68 


Register to memory mapping:

EAX=0x0803ff00 is an unknown value
EBX=0x00000000 is an unknown value
ECX=0x00000000 is an unknown value
EDX=0x080400e0 is an unknown value
ESP=0x0703eaa0 is pointing into the stack for thread: 0x04bb2400
EBP=0xf7fc0100 is an unknown value
ESI=0x0803ff1c is an unknown value
EDI=0x0803ff00 is an unknown value


Stack: [0x06ff0000,0x07040000],  sp=0x0703eaa0,  free space=314k
Native frames: (J=compiled Java code, j=interpreted, Vv=VM code, C=native code)
C  [atioglxx.dll+0x2280e0]  atiPPHSN+0x158e50

[error occurred during error reporting (printing native stack), id 0xc0000005]

Java frames: (J=compiled Java code, j=interpreted, Vv=VM code)
j  jogamp.opengl.gl4.GL4bcImpl.dispatch_glDrawArrays1(IIIJ)V+0
j  jogamp.opengl.gl4.GL4bcImpl.glDrawArrays(III)V+39
j  jrtr.GLRenderContext.draw(Ljrtr/RenderItem;)V+558
j  jrtr.GLRenderContext.display(Ljavax/media/opengl/GLAutoDrawable;)V+48
j  jrtr.GLRenderPanel$GLRenderContextEventListener.display(Ljavax/media/opengl/GLAutoDrawable;)V+5
j  jogamp.opengl.GLDrawableHelper.displayImpl(Ljavax/media/opengl/GLAutoDrawable;)V+47
j  jogamp.opengl.GLDrawableHelper.display(Ljavax/media/opengl/GLAutoDrawable;)V+2
j  javax.media.opengl.awt.GLCanvas$7.run()V+118
j  jogamp.opengl.GLDrawableHelper.invokeGLImpl(Ljavax/media/opengl/GLDrawable;Ljavax/media/opengl/GLContext;Ljava/lang/Runnable;Ljava/lang/Runnable;Ljavax/media/opengl/GLAutoDrawable;)V+137
j  jogamp.opengl.GLDrawableHelper.invokeGL(Ljavax/media/opengl/GLDrawable;Ljavax/media/opengl/GLContext;Ljava/lang/Runnable;Ljava/lang/Runnable;)V+85
j  javax.media.opengl.awt.GLCanvas$9.run()V+59
j  javax.media.opengl.Threading.invoke(ZLjava/lang/Runnable;Ljava/lang/Object;)V+33
j  javax.media.opengl.awt.GLCanvas.display()V+9
j  javax.media.opengl.awt.GLCanvas.paint(Ljava/awt/Graphics;)V+135
j  javax.media.opengl.awt.GLCanvas.update(Ljava/awt/Graphics;)V+2
j  sun.awt.RepaintArea.updateComponent(Ljava/awt/Component;Ljava/awt/Graphics;)V+6
j  sun.awt.RepaintArea.paint(Ljava/lang/Object;Z)V+263
j  sun.awt.windows.WComponentPeer.handleEvent(Ljava/awt/AWTEvent;)V+107
j  java.awt.Component.dispatchEventImpl(Ljava/awt/AWTEvent;)V+861
j  java.awt.Component.dispatchEvent(Ljava/awt/AWTEvent;)V+2
j  java.awt.EventQueue.dispatchEventImpl(Ljava/awt/AWTEvent;Ljava/lang/Object;)V+41
j  java.awt.EventQueue.access$000(Ljava/awt/EventQueue;Ljava/awt/AWTEvent;Ljava/lang/Object;)V+3
j  java.awt.EventQueue$1.run()Ljava/lang/Void;+12
j  java.awt.EventQueue$1.run()Ljava/lang/Object;+1
v  ~StubRoutines::call_stub
j  java.security.AccessController.doPrivileged(Ljava/security/PrivilegedAction;Ljava/security/AccessControlContext;)Ljava/lang/Object;+0
j  java.security.AccessControlContext$1.doIntersectionPrivilege(Ljava/security/PrivilegedAction;Ljava/security/AccessControlContext;Ljava/security/AccessControlContext;)Ljava/lang/Object;+28
j  java.security.AccessControlContext$1.doIntersectionPrivilege(Ljava/security/PrivilegedAction;Ljava/security/AccessControlContext;)Ljava/lang/Object;+6
j  java.awt.EventQueue$2.run()Ljava/lang/Void;+11
j  java.awt.EventQueue$2.run()Ljava/lang/Object;+1
v  ~StubRoutines::call_stub
j  java.security.AccessController.doPrivileged(Ljava/security/PrivilegedAction;Ljava/security/AccessControlContext;)Ljava/lang/Object;+0
j  java.security.AccessControlContext$1.doIntersectionPrivilege(Ljava/security/PrivilegedAction;Ljava/security/AccessControlContext;Ljava/security/AccessControlContext;)Ljava/lang/Object;+28
j  java.awt.EventQueue.dispatchEvent(Ljava/awt/AWTEvent;)V+73
j  java.awt.EventDispatchThread.pumpOneEventForFilters(I)Z+204
j  java.awt.EventDispatchThread.pumpEventsForFilter(ILjava/awt/Conditional;Ljava/awt/EventFilter;)V+30
j  java.awt.EventDispatchThread.pumpEventsForHierarchy(ILjava/awt/Conditional;Ljava/awt/Component;)V+11
j  java.awt.EventDispatchThread.pumpEvents(ILjava/awt/Conditional;)V+4
j  java.awt.EventDispatchThread.pumpEvents(Ljava/awt/Conditional;)V+3
j  java.awt.EventDispatchThread.run()V+9
v  ~StubRoutines::call_stub

---------------  P R O C E S S  ---------------

Java Threads: ( => current thread )
  0x04bb5c00 JavaThread "Timer-0" [_thread_blocked, id=2332, stack(0x09310000,0x09360000)]
  0x04be3800 JavaThread "D3D Screen Updater" daemon [_thread_blocked, id=4008, stack(0x07990000,0x079e0000)]
  0x001da400 JavaThread "DestroyJavaVM" [_thread_blocked, id=2988, stack(0x00220000,0x00270000)]
  0x04beb800 JavaThread "main-SharedResourceRunner" daemon [_thread_blocked, id=5612, stack(0x05180000,0x051d0000)]
=>0x04bb2400 JavaThread "AWT-EventQueue-0" [_thread_in_native, id=5624, stack(0x06ff0000,0x07040000)]
  0x04b7e800 JavaThread "AWT-Windows" daemon [_thread_in_native, id=6904, stack(0x054c0000,0x05510000)]
  0x04b7e000 JavaThread "AWT-Shutdown" [_thread_blocked, id=5080, stack(0x05470000,0x054c0000)]
  0x04b7dc00 JavaThread "Java2D Disposer" daemon [_thread_blocked, id=3760, stack(0x05210000,0x05260000)]
  0x0250ec00 JavaThread "Low Memory Detector" daemon [_thread_blocked, id=4536, stack(0x04980000,0x049d0000)]
  0x024fb000 JavaThread "C1 CompilerThread0" daemon [_thread_blocked, id=7088, stack(0x048f0000,0x04940000)]
  0x024fa000 JavaThread "Attach Listener" daemon [_thread_blocked, id=2076, stack(0x04860000,0x048b0000)]
  0x024f7000 JavaThread "Signal Dispatcher" daemon [_thread_blocked, id=5084, stack(0x047d0000,0x04820000)]
  0x024ec000 JavaThread "Finalizer" daemon [_thread_blocked, id=4928, stack(0x04740000,0x04790000)]
  0x024ea000 JavaThread "Reference Handler" daemon [_thread_blocked, id=6440, stack(0x046b0000,0x04700000)]

Other Threads:
  0x024adc00 VMThread [stack: 0x04620000,0x04670000] [id=5368]
  0x02521c00 WatcherThread [stack: 0x04a10000,0x04a60000] [id=5340]

VM state:not at safepoint (normal execution)

VM Mutex/Monitor currently owned by a thread: None

Heap
 def new generation   total 4928K, used 4072K [0x24170000, 0x246c0000, 0x296c0000)
  eden space 4416K,  86% used [0x24170000, 0x2452e860, 0x245c0000)
  from space 512K,  46% used [0x24640000, 0x2467b7b0, 0x246c0000)
  to   space 512K,   0% used [0x245c0000, 0x245c0000, 0x24640000)
 tenured generation   total 10944K, used 2847K [0x296c0000, 0x2a170000, 0x34170000)
   the space 10944K,  26% used [0x296c0000, 0x29987f68, 0x29988000, 0x2a170000)
 compacting perm gen  total 12288K, used 5528K [0x34170000, 0x34d70000, 0x38170000)
   the space 12288K,  44% used [0x34170000, 0x346d63f0, 0x346d6400, 0x34d70000)
    ro space 10240K,  51% used [0x38170000, 0x3869e338, 0x3869e400, 0x38b70000)
    rw space 12288K,  55% used [0x38b70000, 0x3920a070, 0x3920a200, 0x39770000)

Code Cache  [0x02570000, 0x02650000, 0x04570000)
 total_blobs=565 nmethods=220 adapters=281 free_code_cache=32648000 largest_free_block=0

Dynamic libraries:
0x00400000 - 0x00425000 	C:\Program Files (x86)\Java\jre6\bin\javaw.exe
0x771e0000 - 0x77360000 	C:\Windows\SysWOW64\ntdll.dll
0x76000000 - 0x76100000 	C:\Windows\syswow64\kernel32.dll
0x75bb0000 - 0x75bf6000 	C:\Windows\syswow64\KERNELBASE.dll
0x76740000 - 0x767e0000 	C:\Windows\syswow64\ADVAPI32.dll
0x756f0000 - 0x7579c000 	C:\Windows\syswow64\msvcrt.dll
0x767e0000 - 0x767f9000 	C:\Windows\SysWOW64\sechost.dll
0x76380000 - 0x76470000 	C:\Windows\syswow64\RPCRT4.dll
0x748d0000 - 0x74930000 	C:\Windows\syswow64\SspiCli.dll
0x748c0000 - 0x748cc000 	C:\Windows\syswow64\CRYPTBASE.dll
0x758d0000 - 0x759d0000 	C:\Windows\syswow64\USER32.dll
0x75f40000 - 0x75fd0000 	C:\Windows\syswow64\GDI32.dll
0x771b0000 - 0x771ba000 	C:\Windows\syswow64\LPK.dll
0x759f0000 - 0x75a8d000 	C:\Windows\syswow64\USP10.dll
0x75ec0000 - 0x75f20000 	C:\Windows\system32\IMM32.DLL
0x75c00000 - 0x75ccc000 	C:\Windows\syswow64\MSCTF.dll
0x7c340000 - 0x7c396000 	C:\Program Files (x86)\Java\jre6\bin\msvcr71.dll
0x6d7f0000 - 0x6da9f000 	C:\Program Files (x86)\Java\jre6\bin\client\jvm.dll
0x71ee0000 - 0x71f12000 	C:\Windows\system32\WINMM.dll
0x71ab0000 - 0x71afb000 	C:\Windows\system32\apphelp.dll
0x6d7a0000 - 0x6d7ac000 	C:\Program Files (x86)\Java\jre6\bin\verify.dll
0x6d320000 - 0x6d33f000 	C:\Program Files (x86)\Java\jre6\bin\java.dll
0x6d7e0000 - 0x6d7ef000 	C:\Program Files (x86)\Java\jre6\bin\zip.dll
0x6d000000 - 0x6d14c000 	C:\Program Files (x86)\Java\jre6\bin\awt.dll
0x72590000 - 0x725e1000 	C:\Windows\system32\WINSPOOL.DRV
0x76480000 - 0x765dc000 	C:\Windows\syswow64\ole32.dll
0x6f5e0000 - 0x6f77e000 	C:\Windows\WinSxS\x86_microsoft.windows.common-controls_6595b64144ccf1df_6.0.7600.16661_none_420fe3fa2b8113bd\COMCTL32.dll
0x75870000 - 0x758c7000 	C:\Windows\syswow64\SHLWAPI.dll
0x726d0000 - 0x726e6000 	C:\Windows\system32\CRYPTSP.dll
0x72690000 - 0x726cb000 	C:\Windows\system32\rsaenh.dll
0x72700000 - 0x72717000 	C:\Windows\system32\USERENV.dll
0x726f0000 - 0x726fb000 	C:\Windows\system32\profapi.dll
0x6d600000 - 0x6d613000 	C:\Program Files (x86)\Java\jre6\bin\net.dll
0x75830000 - 0x75865000 	C:\Windows\syswow64\WS2_32.dll
0x76470000 - 0x76476000 	C:\Windows\syswow64\NSI.dll
0x729a0000 - 0x729dc000 	C:\Windows\system32\mswsock.dll
0x6bbe0000 - 0x6bbe6000 	C:\Windows\System32\wship6.dll
0x6d540000 - 0x6d550000 	C:\Windows\system32\NLAapi.dll
0x729e0000 - 0x72a24000 	C:\Windows\system32\DNSAPI.dll
0x6d500000 - 0x6d508000 	C:\Windows\System32\winrnr.dll
0x6d4e0000 - 0x6d4f0000 	C:\Windows\system32\napinsp.dll
0x6d480000 - 0x6d492000 	C:\Windows\system32\pnrpnsp.dll
0x6d4b0000 - 0x6d4bd000 	C:\Windows\system32\wshbth.dll
0x74460000 - 0x74487000 	C:\Program Files (x86)\Common Files\Microsoft Shared\Windows Live\WLIDNSP.DLL
0x75f20000 - 0x75f25000 	C:\Windows\syswow64\PSAPI.DLL
0x72990000 - 0x72995000 	C:\Windows\System32\wshtcpip.dll
0x72eb0000 - 0x72ecc000 	C:\Windows\system32\IPHLPAPI.DLL
0x73180000 - 0x73187000 	C:\Windows\system32\WINNSI.DLL
0x6d470000 - 0x6d476000 	C:\Windows\system32\rasadhlp.dll
0x74080000 - 0x740b8000 	C:\Windows\System32\fwpuclnt.dll
0x6d620000 - 0x6d629000 	C:\Program Files (x86)\Java\jre6\bin\nio.dll
0x637c0000 - 0x637ca000 	C:\Users\Misch\AppData\Local\Temp\jogamp_0000\file_cache\jln5864989631588829678\jln1105124251379662771\gluegen-rt.dll
0x71820000 - 0x71833000 	C:\Windows\system32\DWMAPI.DLL
0x71a20000 - 0x71aa0000 	C:\Windows\system32\uxtheme.dll
0x6d350000 - 0x6d356000 	C:\Program Files (x86)\Java\jre6\bin\jawt.dll
0x6a440000 - 0x6a44a000 	C:\Users\Misch\AppData\Local\Temp\jogamp_0000\file_cache\jln5864989631588829678\jln1105124251379662771\nativewindow_awt.dll
0x6d230000 - 0x6d27f000 	C:\Program Files (x86)\Java\jre6\bin\fontmanager.dll
0x71850000 - 0x71a13000 	C:\Windows\system32\d3d9.dll
0x72ea0000 - 0x72ea9000 	C:\Windows\system32\VERSION.dll
0x71840000 - 0x71846000 	C:\Windows\system32\d3d8thk.dll
0x714a0000 - 0x71816000 	C:\Windows\system32\atiumdag.dll
0x711c0000 - 0x7149c000 	C:\Windows\system32\atiumdva.dll
0x74a10000 - 0x75659000 	C:\Windows\system32\shell32.dll
0x6c100000 - 0x6c110000 	C:\Users\Misch\AppData\Local\Temp\jogamp_0000\file_cache\jln5864989631588829678\jln1105124251379662771\nativewindow_win32.dll
0x70d40000 - 0x70e08000 	C:\Windows\system32\OpenGL32.dll
0x70d10000 - 0x70d32000 	C:\Windows\system32\GLU32.dll
0x6f4f0000 - 0x6f5d7000 	C:\Windows\system32\DDRAW.dll
0x747a0000 - 0x747a6000 	C:\Windows\system32\DCIMAN32.dll
0x761e0000 - 0x7637d000 	C:\Windows\syswow64\SETUPAPI.dll
0x75e90000 - 0x75eb7000 	C:\Windows\syswow64\CFGMGR32.dll
0x757a0000 - 0x7582f000 	C:\Windows\syswow64\OLEAUT32.dll
0x759d0000 - 0x759e2000 	C:\Windows\syswow64\DEVOBJ.dll
0x64500000 - 0x6456b000 	C:\Users\Misch\AppData\Local\Temp\jogamp_0000\file_cache\jln5864989631588829678\jln1105124251379662771\jogl_desktop.dll
0x69030000 - 0x69cbf000 	C:\Windows\system32\atioglxx.dll
0x10000000 - 0x10033000 	C:\Windows\system32\atiadlxy.dll
0x76700000 - 0x7672d000 	C:\Windows\syswow64\WINTRUST.dll
0x765e0000 - 0x766fe000 	C:\Windows\syswow64\CRYPT32.dll
0x75f30000 - 0x75f3c000 	C:\Windows\syswow64\MSASN1.dll
0x078c0000 - 0x078f8000 	C:\Program Files\WIDCOMM\Bluetooth Software\SysWOW64\BtMmHook.dll
0x76150000 - 0x761d3000 	C:\Windows\syswow64\CLBCatQ.DLL
0x6d440000 - 0x6d465000 	C:\Program Files (x86)\Java\jre6\bin\jpeg.dll
0x6d170000 - 0x6d19f000 	C:\Program Files (x86)\Java\jre6\bin\cmm.dll
0x728a0000 - 0x7298b000 	C:\Windows\system32\dbghelp.dll

VM Arguments:
jvm_args: -Djava.library.path=C:\Users\Misch\Uni\Informatik\Computergrafik\jogl-2.0-b798-20120826-windows-i586\jogl-2.0-b798-20120826-windows-i586\lib;C:\Users\Misch\Uni\Informatik\Computergrafik\gluegen-2.0-b584-20120826-windows-i586\gluegen-2.0-b584-20120826-windows-i586\lib;C:\Users\Misch\Uni\Informatik\Computergrafik\jogl-2.0-b798-20120826-windows-i586\jogl-2.0-b798-20120826-windows-i586\lib;C:\Users\Misch\Uni\Informatik\Computergrafik\gluegen-2.0-b584-20120826-windows-i586\gluegen-2.0-b584-20120826-windows-i586\lib;C:\Users\Misch\Uni\Informatik\Computergrafik\jogl-2.0-b798-20120826-windows-i586\jogl-2.0-b798-20120826-windows-i586\lib;C:\Users\Misch\Uni\Informatik\Computergrafik\gluegen-2.0-b584-20120826-windows-i586\gluegen-2.0-b584-20120826-windows-i586\lib;C:\Users\Misch\Uni\Informatik\Computergrafik\jogl-2.0-b798-20120826-windows-i586\jogl-2.0-b798-20120826-windows-i586\lib;C:\Users\Misch\Uni\Informatik\Computergrafik\gluegen-2.0-b584-20120826-windows-i586\gluegen-2.0-b584-20120826-windows-i586\lib;C:\Users\Misch\Uni\Informatik\Computergrafik\jogl-2.0-b798-20120826-windows-i586\jogl-2.0-b798-20120826-windows-i586\lib;C:\Users\Misch\Uni\Informatik\Computergrafik\gluegen-2.0-b584-20120826-windows-i586\gluegen-2.0-b584-20120826-windows-i586\lib;C:\Users\Misch\Uni\Informatik\Computergrafik\jogl-2.0-b798-20120826-windows-i586\jogl-2.0-b798-20120826-windows-i586\lib;C:\Users\Misch\Uni\Informatik\Computergrafik\gluegen-2.0-b584-20120826-windows-i586\gluegen-2.0-b584-20120826-windows-i586\lib -Dfile.encoding=Cp1252 
java_command: task1.Simple
Launcher Type: SUN_STANDARD

Environment Variables:
PATH=C:/Program Files (x86)/Java/jre6/bin/client;C:/Program Files (x86)/Java/jre6/bin;C:/Program Files (x86)/Java/jre6/lib/i386;C:\Program Files\Common Files\Microsoft Shared\Windows Live;C:\Program Files (x86)\Common Files\Microsoft Shared\Windows Live;C:\Windows\system32;C:\Windows;C:\Windows\System32\Wbem;C:\Windows\System32\WindowsPowerShell\v1.0\;C:\Program Files\WIDCOMM\Bluetooth Software\;C:\Program Files\WIDCOMM\Bluetooth Software\syswow64;\;C:\Program Files (x86)\Sony\VAIO Startup Setting Tool;c:\Program Files (x86)\ATI Technologies\ATI.ACE\Core-Static;C:\Program Files (x86)\Windows Live\Shared;C:\Program Files (x86)\MiKTeX 2.9\miktex\bin\;C:\Ruby187\bin;C:\Users\Misch\AppData\Roaming\MiKTeX\2.9\miktex\bin\;C:\Program Files\eclipse;
USERNAME=Misch
OS=Windows_NT
PROCESSOR_IDENTIFIER=Intel64 Family 6 Model 37 Stepping 5, GenuineIntel



---------------  S Y S T E M  ---------------

OS: Windows 7 , 64 bit Build 7600 

CPU:total 4 (2 cores per cpu, 2 threads per core) family 6 model 37 stepping 5, cmov, cx8, fxsr, mmx, sse, sse2, sse3, ssse3, sse4.1, sse4.2, popcnt, ht

Memory: 4k page, physical 4044900k(2058556k free), swap 8087900k(4951636k free)

vm_info: Java HotSpot(TM) Client VM (20.7-b02) for windows-x86 JRE (1.6.0_32-b05), built on Apr  5 2012 13:50:34 by "java_re" with MS VC++ 7.1 (VS2003)

time: Thu Nov 08 14:55:49 2012
elapsed time: 2 seconds

